<?xml version="1.0" encoding="UTF-8"?>
<!-- Generated by org.testng.reporters.JUnitReportReporter -->
<testsuite hostname="Gulzadas-MBP.attlocal.net" failures="0" tests="2" name="end.HomePage" time="10.085" errors="0" timestamp="2020-09-15T20:36:54 GMT-04:00" skipped="0">
  <testcase classname="end.HomePage" name="HomePagebase" time="2.103"/>
  <system-out/>
  <testcase classname="end.HomePage" name="HomePagebase" time="7.982"/>
  <system-out/>
</testsuite> <!-- end.HomePage -->
