<?xml version="1.0" encoding="UTF-8"?>
<!-- Generated by org.testng.reporters.JUnitReportReporter -->
<testsuite hostname="Gulzadas-MBP.attlocal.net" failures="0" tests="1" name="end.assertionLog4J" time="6.335" errors="0" timestamp="2020-09-15T20:36:54 GMT-04:00" skipped="0">
  <testcase classname="end.assertionLog4J" name="validation" time="6.335"/>
  <system-out/>
</testsuite> <!-- end.assertionLog4J -->
