<?xml version="1.0" encoding="UTF-8"?>
<!-- Generated by org.testng.reporters.JUnitReportReporter -->
<testsuite hostname="Gulzadas-MBP.attlocal.net" failures="0" tests="1" name="end.assertionValidation" time="5.115" errors="0" timestamp="2020-09-15T13:30:31 GMT-04:00" skipped="0">
  <testcase classname="end.assertionValidation" name="validation" time="5.115"/>
  <system-out/>
</testsuite> <!-- end.assertionValidation -->
