<?xml version="1.0" encoding="UTF-8"?>
<!-- Generated by org.testng.reporters.JUnitReportReporter -->
<testsuite hostname="Gulzadas-MBP.attlocal.net" failures="0" tests="2" name="end.HomePage" time="13.891" errors="0" timestamp="2020-09-15T13:30:31 GMT-04:00" skipped="0">
  <testcase classname="end.HomePage" name="HomePagebase" time="6.470"/>
  <system-out/>
  <testcase classname="end.HomePage" name="HomePagebase" time="7.421"/>
  <system-out/>
</testsuite> <!-- end.HomePage -->
